Determining if the function sgemm_ exists failed with the following output:
Change Dir: /home/vkeller/ownCloud/SCITAS/PHPC-2020/PROJECTS/CG/GENMAT/matrix-market-suite/build/CMakeFiles/CMakeTmp

Run Build Command(s):/usr/bin/make cmTC_fa487/fast 
/usr/bin/make -f CMakeFiles/cmTC_fa487.dir/build.make CMakeFiles/cmTC_fa487.dir/build
make[1] : on entre dans le répertoire « /home/vkeller/ownCloud/SCITAS/PHPC-2020/PROJECTS/CG/GENMAT/matrix-market-suite/build/CMakeFiles/CMakeTmp »
Building C object CMakeFiles/cmTC_fa487.dir/CheckFunctionExists.c.o
/usr/bin/cc   -g -Wall -Wno-unused-function -DUSE_MALLOC_WRAPPERS -DCHECK_FUNCTION_EXISTS=sgemm_   -std=gnu11 -o CMakeFiles/cmTC_fa487.dir/CheckFunctionExists.c.o   -c /home/vkeller/spack/opt/spack/linux-linuxmint3-x86_64/gcc-6.3.0/cmake-3.14.5-lqmv454yg5kna3272bsf763jyqwwhpvd/share/cmake-3.14/Modules/CheckFunctionExists.c
Linking C executable cmTC_fa487
/home/vkeller/spack/opt/spack/linux-linuxmint3-x86_64/gcc-6.3.0/cmake-3.14.5-lqmv454yg5kna3272bsf763jyqwwhpvd/bin/cmake -E cmake_link_script CMakeFiles/cmTC_fa487.dir/link.txt --verbose=1
/usr/bin/cc -g -Wall -Wno-unused-function -DUSE_MALLOC_WRAPPERS -DCHECK_FUNCTION_EXISTS=sgemm_    CMakeFiles/cmTC_fa487.dir/CheckFunctionExists.c.o  -o cmTC_fa487 
CMakeFiles/cmTC_fa487.dir/CheckFunctionExists.c.o : Dans la fonction « main » :
/home/vkeller/spack/opt/spack/linux-linuxmint3-x86_64/gcc-6.3.0/cmake-3.14.5-lqmv454yg5kna3272bsf763jyqwwhpvd/share/cmake-3.14/Modules/CheckFunctionExists.c:17 : référence indéfinie vers « sgemm_ »
collect2: error: ld returned 1 exit status
CMakeFiles/cmTC_fa487.dir/build.make:86 : la recette pour la cible « cmTC_fa487 » a échouée
make[1]: *** [cmTC_fa487] Erreur 1
make[1] : on quitte le répertoire « /home/vkeller/ownCloud/SCITAS/PHPC-2020/PROJECTS/CG/GENMAT/matrix-market-suite/build/CMakeFiles/CMakeTmp »
Makefile:121 : la recette pour la cible « cmTC_fa487/fast » a échouée
make: *** [cmTC_fa487/fast] Erreur 2


Determining if the pthread_create exist failed with the following output:
Change Dir: /home/vkeller/ownCloud/SCITAS/PHPC-2020/PROJECTS/CG/GENMAT/matrix-market-suite/build/CMakeFiles/CMakeTmp

Run Build Command(s):/usr/bin/make cmTC_41fb6/fast 
/usr/bin/make -f CMakeFiles/cmTC_41fb6.dir/build.make CMakeFiles/cmTC_41fb6.dir/build
make[1] : on entre dans le répertoire « /home/vkeller/ownCloud/SCITAS/PHPC-2020/PROJECTS/CG/GENMAT/matrix-market-suite/build/CMakeFiles/CMakeTmp »
Building C object CMakeFiles/cmTC_41fb6.dir/CheckSymbolExists.c.o
/usr/bin/cc   -g -Wall -Wno-unused-function -DUSE_MALLOC_WRAPPERS    -std=gnu11 -o CMakeFiles/cmTC_41fb6.dir/CheckSymbolExists.c.o   -c /home/vkeller/ownCloud/SCITAS/PHPC-2020/PROJECTS/CG/GENMAT/matrix-market-suite/build/CMakeFiles/CMakeTmp/CheckSymbolExists.c
Linking C executable cmTC_41fb6
/home/vkeller/spack/opt/spack/linux-linuxmint3-x86_64/gcc-6.3.0/cmake-3.14.5-lqmv454yg5kna3272bsf763jyqwwhpvd/bin/cmake -E cmake_link_script CMakeFiles/cmTC_41fb6.dir/link.txt --verbose=1
/usr/bin/cc -g -Wall -Wno-unused-function -DUSE_MALLOC_WRAPPERS     CMakeFiles/cmTC_41fb6.dir/CheckSymbolExists.c.o  -o cmTC_41fb6 
CMakeFiles/cmTC_41fb6.dir/CheckSymbolExists.c.o : Dans la fonction « main » :
/home/vkeller/ownCloud/SCITAS/PHPC-2020/PROJECTS/CG/GENMAT/matrix-market-suite/build/CMakeFiles/CMakeTmp/CheckSymbolExists.c:8 : référence indéfinie vers « pthread_create »
collect2: error: ld returned 1 exit status
CMakeFiles/cmTC_41fb6.dir/build.make:86 : la recette pour la cible « cmTC_41fb6 » a échouée
make[1]: *** [cmTC_41fb6] Erreur 1
make[1] : on quitte le répertoire « /home/vkeller/ownCloud/SCITAS/PHPC-2020/PROJECTS/CG/GENMAT/matrix-market-suite/build/CMakeFiles/CMakeTmp »
Makefile:121 : la recette pour la cible « cmTC_41fb6/fast » a échouée
make: *** [cmTC_41fb6/fast] Erreur 2

File /home/vkeller/ownCloud/SCITAS/PHPC-2020/PROJECTS/CG/GENMAT/matrix-market-suite/build/CMakeFiles/CMakeTmp/CheckSymbolExists.c:
/* */
#include <pthread.h>

int main(int argc, char** argv)
{
  (void)argv;
#ifndef pthread_create
  return ((int*)(&pthread_create))[argc];
#else
  (void)argc;
  return 0;
#endif
}

