Collection status has changed. 1
Peak bandwidth measurement started.
Peak bandwidth measurement finished.
Collection has been started.
Collection has stopped. Application exit code:  0
Finalizing results
Finalizing the result
Clearing the database
The database has been cleared, elapsed time is 0.280 seconds.
Loading raw data to the database
Loading 'systemcollector-22317-bowmore.sc' file
Loading '22317-22329.0.trace' file
Loading 'tripcounts_21674_0.tcs' file
Updating precomputed scalar metrics
Raw data has been loaded to the database, elapsed time is 0.690 seconds.
Processing profile metrics and debug information
Data transformations have been finished, elapsed time is 0.000 seconds.
Setting data model parameters
Resolving module symbols
Resolving information for `dgemv'
Resolving information for `libc.so.6'
Resolving bottom user stack information
Resolving thread name information
Resolving call target names for dynamic code
Symbol resolution has been finished, elapsed time is 0.860 seconds.
Processing profile metrics and debug information
Resolving FLOP information
Processing information for self instruction mix report
Calculating function call count
Processing information for light dynamic instruction mix report
Deferred data transformations have been finished, elapsed time is 0.129 seconds.
Setting data model parameters
Data model parameters have been set, elapsed time is 0.033 seconds.
Precomputing frequently used data
Precomputing frequently used data
Updating precomputed scalar metrics
Precomputing frequently used data has been finished, elapsed time is 0.234 seconds.
Discarding redundant overtime data
Saving the result
Redundant overtime data has been discarded, elapsed time is 0.005 seconds.
Raw collector data has been discarded, elapsed time is 0.000 seconds.
Finalizing the result took 2.322 seconds.
Preparing data for display of survey call tree
Resolving module symbols
Resolving information for dangling locations
Resolving bottom user stack information
Resolving thread name information
Resolving call target names for dynamic code
Precomputing frequently used data
