<?xml version="1.0" encoding="utf-8"?>
<log version="1.0" tool="runtool">

<msg id="1" tool="runtool">
  <type>log-start</type>
  <arg>2018/11/15 11:33:05</arg>
</msg>
<msg id="2" tool="runtool">
  <type>collector-starts</type>
</msg>
<msg id="3" tool="runtool">
  <type>marker-file</type>
  <arg>/home/vkeller/ownCloud/SCITAS/PHPC-2018/Exos/DGEMM-MPI/DGEMV/e000/trc000/trc000.advixe</arg>
</msg>
<msg id="4" tool="trc">
  <type>PROCESS_START</type>
  <arg>/home/vkeller/ownCloud/SCITAS/PHPC-2018/Exos/DGEMM-MPI/dgemv</arg>
  <arg>21674</arg>
  <severity>INFO</severity>
  <timestamp>Thu Nov 15 10:33:05 2018</timestamp>
</msg>
<msg id="5" tool="trc">
  <type>PROCESS_ANALYSIS_MODE</type>
  <arg>full</arg>
  <severity>INFO</severity>
  <timestamp>Thu Nov 15 10:33:05 2018</timestamp>
</msg>
<msg id="6" tool="trc">
  <type>LOAD_MODULE</type>
  <arg>/home/vkeller/ownCloud/SCITAS/PHPC-2018/Exos/DGEMM-MPI/dgemv</arg>
  <arg>0x400000</arg>
  <arg>0x604cef</arg>
  <severity>INFO</severity>
  <timestamp>Thu Nov 15 10:33:05 2018</timestamp>
</msg>
<msg id="7" tool="trc">
  <type>LOAD_MODULE</type>
  <arg>/lib64/ld-linux-x86-64.so.2</arg>
  <arg>0x7f9a3b33b000</arg>
  <arg>0x7f9a3b55d1af</arg>
  <severity>INFO</severity>
  <timestamp>Thu Nov 15 10:33:05 2018</timestamp>
</msg>
<msg id="8" tool="trc">
  <type>LOAD_MODULE</type>
  <arg>[vdso]</arg>
  <arg>0x7ffe23d97000</arg>
  <arg>0x7ffe23d980ec</arg>
  <severity>INFO</severity>
  <timestamp>Thu Nov 15 10:33:05 2018</timestamp>
</msg>
<msg id="9" tool="trc">
  <type>LOAD_MODULE</type>
  <arg>/lib/x86_64-linux-gnu/libm.so.6</arg>
  <arg>0x7f9a26870000</arg>
  <arg>0x7f9a26b70157</arg>
  <severity>INFO</severity>
  <timestamp>Thu Nov 15 10:33:05 2018</timestamp>
</msg>
<msg id="10" tool="trc">
  <type>LOAD_MODULE</type>
  <arg>/lib/x86_64-linux-gnu/libgcc_s.so.1</arg>
  <arg>0x7f9a26633000</arg>
  <arg>0x7f9a26848adf</arg>
  <severity>INFO</severity>
  <timestamp>Thu Nov 15 10:33:05 2018</timestamp>
</msg>
<msg id="11" tool="trc">
  <type>LOAD_MODULE</type>
  <arg>/lib/x86_64-linux-gnu/libc.so.6</arg>
  <arg>0x7f9a26288000</arg>
  <arg>0x7f9a26632a1f</arg>
  <severity>INFO</severity>
  <timestamp>Thu Nov 15 10:33:05 2018</timestamp>
</msg>
<msg id="12" tool="trc">
  <type>LOAD_MODULE</type>
  <arg>/lib/x86_64-linux-gnu/libdl.so.2</arg>
  <arg>0x7f9a26084000</arg>
  <arg>0x7f9a2628710f</arg>
  <severity>INFO</severity>
  <timestamp>Thu Nov 15 10:33:05 2018</timestamp>
</msg>
<msg id="13" tool="trc">
  <type>UNLOAD_MODULE</type>
  <arg>/home/vkeller/ownCloud/SCITAS/PHPC-2018/Exos/DGEMM-MPI/dgemv</arg>
  <severity>INFO</severity>
  <timestamp>Thu Nov 15 10:40:13 2018</timestamp>
</msg>
<msg id="14" tool="trc">
  <type>UNLOAD_MODULE</type>
  <arg>/lib64/ld-linux-x86-64.so.2</arg>
  <severity>INFO</severity>
  <timestamp>Thu Nov 15 10:40:13 2018</timestamp>
</msg>
<msg id="15" tool="trc">
  <type>UNLOAD_MODULE</type>
  <arg>[vdso]</arg>
  <severity>INFO</severity>
  <timestamp>Thu Nov 15 10:40:13 2018</timestamp>
</msg>
<msg id="16" tool="trc">
  <type>UNLOAD_MODULE</type>
  <arg>/lib/x86_64-linux-gnu/libm.so.6</arg>
  <severity>INFO</severity>
  <timestamp>Thu Nov 15 10:40:13 2018</timestamp>
</msg>
<msg id="17" tool="trc">
  <type>UNLOAD_MODULE</type>
  <arg>/lib/x86_64-linux-gnu/libgcc_s.so.1</arg>
  <severity>INFO</severity>
  <timestamp>Thu Nov 15 10:40:13 2018</timestamp>
</msg>
<msg id="18" tool="trc">
  <type>UNLOAD_MODULE</type>
  <arg>/lib/x86_64-linux-gnu/libc.so.6</arg>
  <severity>INFO</severity>
  <timestamp>Thu Nov 15 10:40:13 2018</timestamp>
</msg>
<msg id="19" tool="trc">
  <type>UNLOAD_MODULE</type>
  <arg>/lib/x86_64-linux-gnu/libdl.so.2</arg>
  <severity>INFO</severity>
  <timestamp>Thu Nov 15 10:40:13 2018</timestamp>
</msg>
<msg id="20" tool="trc">
  <type>PROCESS_FINISH</type>
  <arg>/home/vkeller/ownCloud/SCITAS/PHPC-2018/Exos/DGEMM-MPI/dgemv</arg>
  <arg>21674</arg>
  <arg>0x0</arg>
  <severity>INFO</severity>
  <timestamp>Thu Nov 15 10:40:13 2018</timestamp>
</msg>
<msg id="21" tool="runtool">
  <type>app-exit-code</type>
  <arg>0</arg>
</msg>
<msg id="22" tool="runtool">
  <type>marker-file</type>
  <arg>/home/vkeller/ownCloud/SCITAS/PHPC-2018/Exos/DGEMM-MPI/DGEMV/e000/trc000/trc000.advixe</arg>
</msg>
<msg id="23" tool="runtool">
  <type>collector-done</type>
</msg>
<msg id="24" tool="runtool">
  <type>log-end</type>
  <arg>2018/11/15 11:40:17</arg>
</msg>

</log>

